Build started 11.4.2024 г. 20:20:14.
     1>Project "D:\за уни\6\ООП\WorkAndPayment\WorkAndPayment\WorkAndPayment.vcxproj" on node 2 (Build target(s)).
     1>ClCompile:
         C:\Program Files (x86)\Microsoft Visual Studio 12.0\VC\bin\CL.exe /c /ZI /nologo /W3 /WX- /sdl /Od /Oy- /D WIN32 /D _DEBUG /D _CONSOLE /D _LIB /D _UNICODE /D UNICODE /Gm /EHsc /RTC1 /MDd /GS /fp:precise /Zc:wchar_t /Zc:forScope /Fo"Debug\\" /Fd"Debug\vc120.pdb" /Gd /TP /analyze- /errorReport:prompt Company.cpp Employee.cpp ProductionWorker.cpp WorkAndPayment.cpp Worker.cpp
         Worker.cpp
         WorkAndPayment.cpp
     1>d:\за уни\6\ооп\workandpayment\workandpayment\workandpayment.cpp(89): warning C4101: 'salary' : unreferenced local variable
         ProductionWorker.cpp
         Employee.cpp
         Company.cpp
         Generating Code...
       Link:
         C:\Program Files (x86)\Microsoft Visual Studio 12.0\VC\bin\link.exe /ERRORREPORT:PROMPT /OUT:"D:\за уни\6\ООП\WorkAndPayment\Debug\WorkAndPayment.exe" /INCREMENTAL /NOLOGO kernel32.lib user32.lib gdi32.lib winspool.lib comdlg32.lib advapi32.lib shell32.lib ole32.lib oleaut32.lib uuid.lib odbc32.lib odbccp32.lib /MANIFEST /MANIFESTUAC:"level='asInvoker' uiAccess='false'" /manifest:embed /DEBUG /PDB:"D:\за уни\6\ООП\WorkAndPayment\Debug\WorkAndPayment.pdb" /SUBSYSTEM:CONSOLE /TLBID:1 /DYNAMICBASE /NXCOMPAT /IMPLIB:"D:\за уни\6\ООП\WorkAndPayment\Debug\WorkAndPayment.lib" /MACHINE:X86 Debug\Company.obj
         Debug\Employee.obj
         Debug\ProductionWorker.obj
         Debug\WorkAndPayment.obj
         Debug\Worker.obj
         WorkAndPayment.vcxproj -> D:\за уни\6\ООП\WorkAndPayment\Debug\WorkAndPayment.exe
     1>Done Building Project "D:\за уни\6\ООП\WorkAndPayment\WorkAndPayment\WorkAndPayment.vcxproj" (Build target(s)).

Build succeeded.

Time Elapsed 00:00:02.20
